<?xml version="1.0" encoding="UTF-8"?>
<testsuite xmlns:xsi="http://www.w3.org/2001/XMLSchema-instance" xsi:noNamespaceSchemaLocation="https://maven.apache.org/surefire/maven-surefire-plugin/xsd/surefire-test-report-3.0.xsd" version="3.0" name="com.adarsh.grpcserver.SpringGrpcApplicationTests" time="1.413" tests="1" errors="0" skipped="0" failures="0">
  <properties>
[...]
</properties>
  <testcase name="contextLoads" classname="com.adarsh.grpcserver.SpringGrpcApplicationTests" time="0.47">
    <system-out><![CDATA[17:08:01.708 [main] INFO org.springframework.test.context.support.AnnotationConfigContextLoaderUtils -- Could not detect default configuration classes for test class [com.adarsh.grpcserver.SpringGrpcApplicationTests]: SpringGrpcApplicationTests does not declare any static, non-private, non-final, nested classes annotated with @Configuration.
17:08:01.773 [main] INFO org.springframework.boot.test.context.SpringBootTestContextBootstrapper -- Found @SpringBootConfiguration com.adarsh.grpcserver.SpringGrpcApplication for test class com.adarsh.grpcserver.SpringGrpcApplicationTests

  .   ____          _            __ _ _
 /\\ / ___'_ __ _ _(_)_ __  __ _ \ \ \ \
( ( )\___ | '_ | '_| | '_ \/ _` | \ \ \ \
 \\/  ___)| |_)| | | | | || (_| |  ) ) ) )
  '  |____| .__|_| |_|_| |_\__, | / / / /
 =========|_|==============|___/=/_/_/_/

 :: Spring Boot ::                (v3.3.4)

2024-09-29T17:08:01.971+05:30  INFO 75041 --- [spring-grpc] [           main] c.a.g.SpringGrpcApplicationTests         : Starting SpringGrpcApplicationTests using Java 21.0.4 with PID 75041 (started by adarshkr in /Users/adarshkr/Documents/Projects/Java/Maven/grpcserver)
2024-09-29T17:08:01.972+05:30  INFO 75041 --- [spring-grpc] [           main] c.a.g.SpringGrpcApplicationTests         : No active profile set, falling back to 1 default profile: "default"
2024-09-29T17:08:02.303+05:30  INFO 75041 --- [spring-grpc] [           main] g.s.a.GrpcServerFactoryAutoConfiguration : Detected grpc-netty-shaded: Creating ShadedNettyGrpcServerFactory
2024-09-29T17:08:02.458+05:30  INFO 75041 --- [spring-grpc] [           main] n.d.b.g.s.s.AbstractGrpcServerFactory    : Registered gRPC service: Health, bean: heathCheckService, class: com.adarsh.grpcserver.service.HeathCheckService
2024-09-29T17:08:02.460+05:30  INFO 75041 --- [spring-grpc] [           main] n.d.b.g.s.s.AbstractGrpcServerFactory    : Registered gRPC service: HelloWorldService, bean: helloWorldService, class: com.adarsh.grpcserver.service.HelloWorldService
2024-09-29T17:08:02.460+05:30  INFO 75041 --- [spring-grpc] [           main] n.d.b.g.s.s.AbstractGrpcServerFactory    : Registered gRPC service: grpc.health.v1.Health, bean: grpcHealthService, class: io.grpc.protobuf.services.HealthServiceImpl
2024-09-29T17:08:02.460+05:30  INFO 75041 --- [spring-grpc] [           main] n.d.b.g.s.s.AbstractGrpcServerFactory    : Registered gRPC service: grpc.reflection.v1alpha.ServerReflection, bean: protoReflectionService, class: io.grpc.protobuf.services.ProtoReflectionService
2024-09-29T17:08:02.528+05:30  INFO 75041 --- [spring-grpc] [           main] n.d.b.g.s.s.GrpcServerLifecycle          : gRPC Server started, listening on address: *, port: 9090
2024-09-29T17:08:02.533+05:30  INFO 75041 --- [spring-grpc] [           main] c.a.g.SpringGrpcApplicationTests         : Started SpringGrpcApplicationTests in 0.691 seconds (process running for 1.226)
]]></system-out>
    <system-err><![CDATA[WARNING: A Java agent has been loaded dynamically (/Users/adarshkr/.m2/repository/net/bytebuddy/byte-buddy-agent/1.14.19/byte-buddy-agent-1.14.19.jar)
WARNING: If a serviceability tool is in use, please run with -XX:+EnableDynamicAgentLoading to hide this warning
WARNING: If a serviceability tool is not in use, please run with -Djdk.instrument.traceUsage for more information
WARNING: Dynamic loading of agents will be disallowed by default in a future release
]]></system-err>
  </testcase>
</testsuite>